This is pdfTeX, Version 3.1415926-1.40.10 (TeX Live 2009/Debian) (format=latex 2012.9.5)  19 APR 2013 04:34
entering extended mode
 %&-line parsing enabled.
**bb.tex
(./bb.tex
LaTeX2e <2009/09/24>
Babel <v3.8l> and hyphenation patterns for english, usenglishmax, dumylang, noh
yphenation, loaded.
(/usr/share/texmf-texlive/tex/latex/base/article.cls
Document Class: article 2007/10/19 v1.4h Standard LaTeX document class
(/usr/share/texmf-texlive/tex/latex/base/size10.clo
File: size10.clo 2007/10/19 v1.4h Standard LaTeX file (size option)
)
\c@part=\count79
\c@section=\count80
\c@subsection=\count81
\c@subsubsection=\count82
\c@paragraph=\count83
\c@subparagraph=\count84
\c@figure=\count85
\c@table=\count86
\abovecaptionskip=\skip41
\belowcaptionskip=\skip42
\bibindent=\dimen102
)
(/usr/share/texmf-texlive/tex/generic/babel/babel.sty
Package: babel 2008/07/06 v3.8l The Babel package

(/usr/share/texmf-texlive/tex/generic/babel/english.ldf
Language: english 2005/03/30 v3.3o English support from the babel system

(/usr/share/texmf-texlive/tex/generic/babel/babel.def
File: babel.def 2008/07/06 v3.8l Babel common definitions
\babel@savecnt=\count87
\U@D=\dimen103
)
\l@british = a dialect from \language\l@english 
\l@UKenglish = a dialect from \language\l@english 
\l@canadian = a dialect from \language\l@american 
\l@australian = a dialect from \language\l@british 
\l@newzealand = a dialect from \language\l@british 
))
(/usr/share/texmf-texlive/tex/latex/geometry/geometry.sty
Package: geometry 2008/12/21 v4.2 Page Geometry

(/usr/share/texmf-texlive/tex/latex/graphics/keyval.sty
Package: keyval 1999/03/16 v1.13 key=value parser (DPC)
\KV@toks@=\toks14
)
(/usr/share/texmf-texlive/tex/generic/oberdiek/ifpdf.sty
Package: ifpdf 2009/04/10 v2.0 Provides the ifpdf switch (HO)
Package ifpdf Info: pdfTeX in pdf mode not detected.
)
(/usr/share/texmf-texlive/tex/generic/oberdiek/ifvtex.sty
Package: ifvtex 2008/11/04 v1.4 Switches for detecting VTeX and its modes (HO)
Package ifvtex Info: VTeX not detected.
)
\Gm@cnth=\count88
\Gm@cntv=\count89
\c@Gm@tempcnt=\count90
\Gm@bindingoffset=\dimen104
\Gm@wd@mp=\dimen105
\Gm@odd@mp=\dimen106
\Gm@even@mp=\dimen107
\Gm@dimlist=\toks15
)
(/usr/share/texmf-texlive/tex/latex/amsmath/amsmath.sty
Package: amsmath 2000/07/18 v2.13 AMS math features
\@mathmargin=\skip43

For additional information on amsmath, use the `?' option.
(/usr/share/texmf-texlive/tex/latex/amsmath/amstext.sty
Package: amstext 2000/06/29 v2.01

(/usr/share/texmf-texlive/tex/latex/amsmath/amsgen.sty
File: amsgen.sty 1999/11/30 v2.0
\@emptytoks=\toks16
\ex@=\dimen108
))
(/usr/share/texmf-texlive/tex/latex/amsmath/amsbsy.sty
Package: amsbsy 1999/11/29 v1.2d
\pmbraise@=\dimen109
)
(/usr/share/texmf-texlive/tex/latex/amsmath/amsopn.sty
Package: amsopn 1999/12/14 v2.01 operator names
)
\inf@bad=\count91
LaTeX Info: Redefining \frac on input line 211.
\uproot@=\count92
\leftroot@=\count93
LaTeX Info: Redefining \overline on input line 307.
\classnum@=\count94
\DOTSCASE@=\count95
LaTeX Info: Redefining \ldots on input line 379.
LaTeX Info: Redefining \dots on input line 382.
LaTeX Info: Redefining \cdots on input line 467.
\Mathstrutbox@=\box26
\strutbox@=\box27
\big@size=\dimen110
LaTeX Font Info:    Redeclaring font encoding OML on input line 567.
LaTeX Font Info:    Redeclaring font encoding OMS on input line 568.
\macc@depth=\count96
\c@MaxMatrixCols=\count97
\dotsspace@=\muskip10
\c@parentequation=\count98
\dspbrk@lvl=\count99
\tag@help=\toks17
\row@=\count100
\column@=\count101
\maxfields@=\count102
\andhelp@=\toks18
\eqnshift@=\dimen111
\alignsep@=\dimen112
\tagshift@=\dimen113
\tagwidth@=\dimen114
\totwidth@=\dimen115
\lineht@=\dimen116
\@envbody=\toks19
\multlinegap=\skip44
\multlinetaggap=\skip45
\mathdisplay@stack=\toks20
LaTeX Info: Redefining \[ on input line 2666.
LaTeX Info: Redefining \] on input line 2667.
)
(/usr/share/texmf-texlive/tex/latex/amsfonts/amssymb.sty
Package: amssymb 2009/06/22 v3.00

(/usr/share/texmf-texlive/tex/latex/amsfonts/amsfonts.sty
Package: amsfonts 2009/06/22 v3.00 Basic AMSFonts support
\symAMSa=\mathgroup4
\symAMSb=\mathgroup5
LaTeX Font Info:    Overwriting math alphabet `\mathfrak' in version `bold'
(Font)                  U/euf/m/n --> U/euf/b/n on input line 96.
))
(/usr/share/texmf-texlive/tex/latex/microtype/microtype.sty
Package: microtype 2009/03/27 v2.3d Micro-typography with pdfTeX (RS)
\MT@toks=\toks21
\MT@count=\count103
LaTeX Info: Redefining \lsstyle on input line 1608.
LaTeX Info: Redefining \lslig on input line 1608.
\MT@outer@space=\skip46
LaTeX Info: Redefining \textls on input line 1616.
\MT@outer@kern=\dimen117
LaTeX Info: Redefining \textmicrotypecontext on input line 2167.
Package microtype Info: Loading configuration file microtype.cfg.

(/usr/share/texmf-texlive/tex/latex/microtype/microtype.cfg
File: microtype.cfg 2009/03/27 v2.3d microtype main configuration file (RS)
))
(/usr/share/texmf-texlive/tex/latex/graphics/color.sty
Package: color 2005/11/14 v1.0j Standard LaTeX Color (DPC)

(/etc/texmf/tex/latex/config/color.cfg
File: color.cfg 2007/01/18 v1.5 color configuration of teTeX/TeXLive
)
Package color Info: Driver file: dvips.def on input line 130.

(/usr/share/texmf-texlive/tex/latex/graphics/dvips.def
File: dvips.def 1999/02/16 v3.0i Driver-dependant file (DPC,SPQR)
)
(/usr/share/texmf-texlive/tex/latex/graphics/dvipsnam.def
File: dvipsnam.def 1999/02/16 v3.0i Driver-dependant file (DPC,SPQR)
))
(/usr/share/texmf-texlive/tex/latex/base/alltt.sty
Package: alltt 1997/06/16 v2.0g defines alltt environment
) (./bb.aux)
\openout1 = `bb.aux'.

LaTeX Font Info:    Checking defaults for OML/cmm/m/it on input line 12.
LaTeX Font Info:    ... okay on input line 12.
LaTeX Font Info:    Checking defaults for T1/cmr/m/n on input line 12.
LaTeX Font Info:    ... okay on input line 12.
LaTeX Font Info:    Checking defaults for OT1/cmr/m/n on input line 12.
LaTeX Font Info:    ... okay on input line 12.
LaTeX Font Info:    Checking defaults for OMS/cmsy/m/n on input line 12.
LaTeX Font Info:    ... okay on input line 12.
LaTeX Font Info:    Checking defaults for OMX/cmex/m/n on input line 12.
LaTeX Font Info:    ... okay on input line 12.
LaTeX Font Info:    Checking defaults for U/cmr/m/n on input line 12.
LaTeX Font Info:    ... okay on input line 12.

*geometry auto-detecting driver*
*geometry detected driver: dvips*
-------------------- Geometry parameters
paper: a4paper
landscape: --
twocolumn: --
twoside: --
asymmetric: --
h-parts: 85.35826pt, 426.79135pt, 85.35826pt
v-parts: 113.81102pt, 617.4248pt, 113.81102pt
hmarginratio: --
vmarginratio: --
lines: --
heightrounded: --
bindingoffset: 0.0pt
truedimen: --
includehead: --
includefoot: --
includemp: --
driver: dvips
-------------------- Page layout dimensions and switches
\paperwidth  597.50787pt
\paperheight 845.04684pt
\textwidth  426.79135pt
\textheight 617.4248pt
\oddsidemargin  13.08827pt
\evensidemargin 13.08827pt
\topmargin  4.54103pt
\headheight 12.0pt
\headsep    25.0pt
\footskip   30.0pt
\marginparwidth 57.0pt
\marginparsep   11.0pt
\columnsep  10.0pt
\skip\footins  9.0pt plus 4.0pt minus 2.0pt
\hoffset 0.0pt
\voffset 0.0pt
\mag 1000

(1in=72.27pt, 1cm=28.45pt)
-----------------------
LaTeX Info: Redefining \microtypecontext on input line 12.
Package microtype Info: Generating DVI output.
Package microtype Info: Character protrusion enabled (level 2).
Package microtype Info: Using default protrusion set `alltext'.
Package microtype Info: No font expansion.
Package microtype Info: No tracking.
Package microtype Info: No adjustment of interword spacing.
Package microtype Info: No adjustment of character kerning.
(/usr/share/texmf-texlive/tex/latex/microtype/mt-cmr.cfg
File: mt-cmr.cfg 2008/02/29 v1.9a microtype config. file: Computer Modern Roman
 (RS)
)
LaTeX Font Info:    Try loading font information for U+msa on input line 14.

(/usr/share/texmf-texlive/tex/latex/amsfonts/umsa.fd
File: umsa.fd 2009/06/22 v3.00 AMS symbols A
)
(/usr/share/texmf-texlive/tex/latex/microtype/mt-msa.cfg
File: mt-msa.cfg 2006/02/04 v1.1 microtype config. file: AMS symbols (a) (RS)
)
LaTeX Font Info:    Try loading font information for U+msb on input line 14.

(/usr/share/texmf-texlive/tex/latex/amsfonts/umsb.fd
File: umsb.fd 2009/06/22 v3.00 AMS symbols B
)
(/usr/share/texmf-texlive/tex/latex/microtype/mt-msb.cfg
File: mt-msb.cfg 2005/06/01 v1.0 microtype config. file: AMS symbols (b) (RS)
) [1

] (./bb.aux) ) 
Here is how much of TeX's memory you used:
 3436 strings out of 495062
 49873 string characters out of 1182645
 135738 words of memory out of 3000000
 6604 multiletter control sequences out of 15000+50000
 5339 words of font info for 22 fonts, out of 3000000 for 9000
 28 hyphenation exceptions out of 8191
 30i,9n,35p,299b,127s stack positions out of 5000i,500n,10000p,200000b,50000s

Output written on bb.dvi (1 page, 2944 bytes).
